2025-04-12 16:56:33,263 INFO: HIRE Platform startup [in D:\DBS\Semester 1\Advance Programming Techniques\CA\CA-2\APT_CA2_HIRE\HIRE\app.py:41]
2025-04-12 16:56:33,300 INFO: Creating database tables [in D:\DBS\Semester 1\Advance Programming Techniques\CA\CA-2\APT_CA2_HIRE\HIRE\app.py:53]
2025-04-12 16:56:34,399 INFO: HIRE Platform startup [in D:\DBS\Semester 1\Advance Programming Techniques\CA\CA-2\APT_CA2_HIRE\HIRE\app.py:41]
2025-04-12 16:56:34,449 INFO: Creating database tables [in D:\DBS\Semester 1\Advance Programming Techniques\CA\CA-2\APT_CA2_HIRE\HIRE\app.py:53]
2025-04-12 18:43:58,800 INFO: HIRE Platform startup [in D:\DBS\Semester 1\Advance Programming Techniques\CA\CA-2\APT_CA2_HIRE\HIRE\app.py:41]
2025-04-12 18:43:58,859 INFO: Creating database tables [in D:\DBS\Semester 1\Advance Programming Techniques\CA\CA-2\APT_CA2_HIRE\HIRE\app.py:53]
2025-04-12 18:43:58,874 INFO: Adding initial service categories [in D:\DBS\Semester 1\Advance Programming Techniques\CA\CA-2\APT_CA2_HIRE\HIRE\app.py:57]
2025-04-12 18:43:58,881 INFO: Added 7 initial service categories [in D:\DBS\Semester 1\Advance Programming Techniques\CA\CA-2\APT_CA2_HIRE\HIRE\app.py:69]
2025-04-12 18:43:59,453 INFO: HIRE Platform startup [in D:\DBS\Semester 1\Advance Programming Techniques\CA\CA-2\APT_CA2_HIRE\HIRE\app.py:41]
2025-04-12 18:43:59,472 INFO: Creating database tables [in D:\DBS\Semester 1\Advance Programming Techniques\CA\CA-2\APT_CA2_HIRE\HIRE\app.py:53]
2025-04-12 18:44:34,033 INFO: HIRE Platform startup [in D:\DBS\Semester 1\Advance Programming Techniques\CA\CA-2\APT_CA2_HIRE\HIRE\app.py:41]
2025-04-12 18:44:34,053 INFO: Creating database tables [in D:\DBS\Semester 1\Advance Programming Techniques\CA\CA-2\APT_CA2_HIRE\HIRE\app.py:53]
2025-04-12 18:44:34,633 INFO: HIRE Platform startup [in D:\DBS\Semester 1\Advance Programming Techniques\CA\CA-2\APT_CA2_HIRE\HIRE\app.py:41]
2025-04-12 18:44:34,651 INFO: Creating database tables [in D:\DBS\Semester 1\Advance Programming Techniques\CA\CA-2\APT_CA2_HIRE\HIRE\app.py:53]
2025-04-12 18:44:53,587 INFO: 404 error: http://127.0.0.1:5000/favicon.ico [in D:\DBS\Semester 1\Advance Programming Techniques\CA\CA-2\APT_CA2_HIRE\HIRE\app.py:95]
2025-04-12 19:39:51,426 INFO: HIRE Platform startup [in C:\Users\dhath\OneDrive\Dhathri\Masters\DBS - CyberSecurity\Advanced Programming\CA2\Code\APT_CA2_HIRE-latest\HIRE\app.py:41]
2025-04-12 19:39:51,615 INFO: Creating database tables [in C:\Users\dhath\OneDrive\Dhathri\Masters\DBS - CyberSecurity\Advanced Programming\CA2\Code\APT_CA2_HIRE-latest\HIRE\app.py:53]
2025-04-12 19:39:51,639 INFO: Adding initial service categories [in C:\Users\dhath\OneDrive\Dhathri\Masters\DBS - CyberSecurity\Advanced Programming\CA2\Code\APT_CA2_HIRE-latest\HIRE\app.py:57]
2025-04-12 19:39:51,656 INFO: Added 7 initial service categories [in C:\Users\dhath\OneDrive\Dhathri\Masters\DBS - CyberSecurity\Advanced Programming\CA2\Code\APT_CA2_HIRE-latest\HIRE\app.py:69]
2025-04-12 19:39:52,312 INFO: HIRE Platform startup [in C:\Users\dhath\OneDrive\Dhathri\Masters\DBS - CyberSecurity\Advanced Programming\CA2\Code\APT_CA2_HIRE-latest\HIRE\app.py:41]
2025-04-12 19:39:52,352 INFO: Creating database tables [in C:\Users\dhath\OneDrive\Dhathri\Masters\DBS - CyberSecurity\Advanced Programming\CA2\Code\APT_CA2_HIRE-latest\HIRE\app.py:53]
2025-04-12 19:41:32,682 INFO: HIRE Platform startup [in C:\Users\dhath\OneDrive\Dhathri\Masters\DBS - CyberSecurity\Advanced Programming\CA2\Code\APT_CA2_HIRE-latest\HIRE\app.py:41]
2025-04-12 19:41:32,714 INFO: Creating database tables [in C:\Users\dhath\OneDrive\Dhathri\Masters\DBS - CyberSecurity\Advanced Programming\CA2\Code\APT_CA2_HIRE-latest\HIRE\app.py:53]
2025-04-12 19:41:33,385 INFO: HIRE Platform startup [in C:\Users\dhath\OneDrive\Dhathri\Masters\DBS - CyberSecurity\Advanced Programming\CA2\Code\APT_CA2_HIRE-latest\HIRE\app.py:41]
2025-04-12 19:41:33,416 INFO: Creating database tables [in C:\Users\dhath\OneDrive\Dhathri\Masters\DBS - CyberSecurity\Advanced Programming\CA2\Code\APT_CA2_HIRE-latest\HIRE\app.py:53]
2025-04-12 19:42:23,543 INFO: 404 error: http://127.0.0.1:5000/favicon.ico [in C:\Users\dhath\OneDrive\Dhathri\Masters\DBS - CyberSecurity\Advanced Programming\CA2\Code\APT_CA2_HIRE-latest\HIRE\app.py:95]
2025-04-12 21:16:29,078 INFO: HIRE Platform startup [in C:\Users\dhath\OneDrive\Dhathri\Masters\DBS - CyberSecurity\Advanced Programming\CA2\Code\APT_CA2_HIRE-latest\HIRE\app.py:41]
2025-04-12 21:16:29,104 INFO: Creating database tables [in C:\Users\dhath\OneDrive\Dhathri\Masters\DBS - CyberSecurity\Advanced Programming\CA2\Code\APT_CA2_HIRE-latest\HIRE\app.py:53]
2025-04-12 21:21:57,929 INFO: HIRE Platform startup [in c:\Users\dhath\OneDrive\Dhathri\Masters\DBS - CyberSecurity\Advanced Programming\CA2\Code\APT_CA2_HIRE-latest\HIRE\app.py:41]
2025-04-12 21:21:57,957 INFO: Creating database tables [in c:\Users\dhath\OneDrive\Dhathri\Masters\DBS - CyberSecurity\Advanced Programming\CA2\Code\APT_CA2_HIRE-latest\HIRE\app.py:53]
2025-04-12 21:21:58,731 INFO: HIRE Platform startup [in c:\Users\dhath\OneDrive\Dhathri\Masters\DBS - CyberSecurity\Advanced Programming\CA2\Code\APT_CA2_HIRE-latest\HIRE\app.py:41]
2025-04-12 21:21:58,764 INFO: Creating database tables [in c:\Users\dhath\OneDrive\Dhathri\Masters\DBS - CyberSecurity\Advanced Programming\CA2\Code\APT_CA2_HIRE-latest\HIRE\app.py:53]
2025-04-12 21:28:58,945 INFO: HIRE Platform startup [in c:\Users\dhath\OneDrive\Dhathri\Masters\DBS - CyberSecurity\Advanced Programming\CA2\Code\APT_CA2_HIRE-latest\HIRE\app.py:41]
2025-04-12 21:28:59,003 INFO: Creating database tables [in c:\Users\dhath\OneDrive\Dhathri\Masters\DBS - CyberSecurity\Advanced Programming\CA2\Code\APT_CA2_HIRE-latest\HIRE\app.py:53]
2025-04-12 21:29:00,101 INFO: HIRE Platform startup [in c:\Users\dhath\OneDrive\Dhathri\Masters\DBS - CyberSecurity\Advanced Programming\CA2\Code\APT_CA2_HIRE-latest\HIRE\app.py:41]
2025-04-12 21:29:00,132 INFO: Creating database tables [in c:\Users\dhath\OneDrive\Dhathri\Masters\DBS - CyberSecurity\Advanced Programming\CA2\Code\APT_CA2_HIRE-latest\HIRE\app.py:53]
